Build started 3.12.2014 13:34:13.
     1>Project "D:\nisju\Harj22\Harj22\Harj22.vcxproj" on node 2 (Build target(s)).
     1>ClCompile:
         C:\Program Files (x86)\Microsoft Visual Studio 12.0\VC\bin\CL.exe /c /ZI /nologo /W3 /WX- /sdl /Od /Oy- /D WIN32 /D _DEBUG /D _CONSOLE /D _LIB /D _UNICODE /D UNICODE /Gm /EHsc /RTC1 /MDd /GS /fp:precise /Zc:wchar_t /Zc:forScope /Fo"Debug\\" /Fd"Debug\vc120.pdb" /Gd /TP /analyze- /errorReport:prompt Deck.cpp Main.cpp
         Deck.cpp
     1>d:\nisju\harj22\harj22\deck.cpp(5): error C2955: 'Deck' : use of class template requires template argument list
                 d:\nisju\harj22\harj22\deck.h(9) : see declaration of 'Deck'
                 d:\nisju\harj22\harj22\deck.h(9) : see declaration of 'Deck'
     1>d:\nisju\harj22\harj22\deck.cpp(5): error C2039: '{ctor}' : is not a member of 'Deck'
                 d:\nisju\harj22\harj22\deck.h(9) : see declaration of 'Deck'
     1>d:\nisju\harj22\harj22\deck.cpp(5): error C2059: syntax error : ')'
     1>d:\nisju\harj22\harj22\deck.cpp(6): error C2143: syntax error : missing ';' before '{'
     1>d:\nisju\harj22\harj22\deck.cpp(6): error C2447: '{' : missing function header (old-style formal list?)
     1>d:\nisju\harj22\harj22\deck.cpp(18): error C2955: 'Deck' : use of class template requires template argument list
                 d:\nisju\harj22\harj22\deck.h(9) : see declaration of 'Deck'
     1>d:\nisju\harj22\harj22\deck.cpp(18): error C2039: 'print_Deck' : is not a member of 'Deck'
                 d:\nisju\harj22\harj22\deck.h(9) : see declaration of 'Deck'
     1>d:\nisju\harj22\harj22\deck.cpp(19): error C2270: 'print_Deck' : modifiers not allowed on nonmember functions
     1>d:\nisju\harj22\harj22\deck.cpp(22): error C2065: 'm_deck' : undeclared identifier
     1>d:\nisju\harj22\harj22\deck.cpp(22): error C2228: left of '.size' must have class/struct/union
                 type is 'unknown-type'
     1>d:\nisju\harj22\harj22\deck.cpp(24): error C2065: 'm_deck' : undeclared identifier
     1>d:\nisju\harj22\harj22\deck.cpp(24): error C2228: left of '.Card2Str' must have class/struct/union
     1>d:\nisju\harj22\harj22\deck.cpp(34): error C2955: 'Deck' : use of class template requires template argument list
                 d:\nisju\harj22\harj22\deck.h(9) : see declaration of 'Deck'
     1>d:\nisju\harj22\harj22\deck.cpp(34): error C2039: 'getOneCard' : is not a member of 'Deck'
                 d:\nisju\harj22\harj22\deck.h(9) : see declaration of 'Deck'
     1>d:\nisju\harj22\harj22\deck.cpp(36): error C2065: 'Card' : undeclared identifier
     1>d:\nisju\harj22\harj22\deck.cpp(36): error C2146: syntax error : missing ';' before identifier 'cd'
     1>d:\nisju\harj22\harj22\deck.cpp(36): error C2065: 'm_deck' : undeclared identifier
     1>d:\nisju\harj22\harj22\deck.cpp(36): error C2228: left of '.back' must have class/struct/union
                 type is 'unknown-type'
     1>d:\nisju\harj22\harj22\deck.cpp(36): error C2228: left of '.get_suit' must have class/struct/union
     1>d:\nisju\harj22\harj22\deck.cpp(36): error C2228: left of '.get_rank' must have class/struct/union
     1>d:\nisju\harj22\harj22\deck.cpp(36): error C3861: 'cd': identifier not found
     1>d:\nisju\harj22\harj22\deck.cpp(37): error C2065: 'm_deck' : undeclared identifier
     1>d:\nisju\harj22\harj22\deck.cpp(37): error C2228: left of '.pop_back' must have class/struct/union
                 type is 'unknown-type'
     1>d:\nisju\harj22\harj22\deck.cpp(38): error C2065: 'cd' : undeclared identifier
     1>d:\nisju\harj22\harj22\deck.cpp(38): error C2228: left of '.Card2Str' must have class/struct/union
                 type is 'unknown-type'
         Generating Code...
         Compiling...
         Main.cpp
     1>d:\nisju\harj22\harj22\deck.h(23): error C2989: 'Deck' : class template has already been declared as a non-class template
                 d:\nisju\harj22\harj22\card.h(11) : see declaration of 'Deck'
     1>d:\nisju\harj22\harj22\deck.h(8): error C3857: 'Deck': multiple template parameter lists are not allowed
     1>d:\nisju\harj22\harj22\deck.h(25): error C2143: syntax error : missing ';' before '<'
     1>d:\nisju\harj22\harj22\deck.h(25): error C2182: 'Deck' : illegal use of type 'void'
     1>d:\nisju\harj22\harj22\deck.h(25): error C2988: unrecognizable template declaration/definition
     1>d:\nisju\harj22\harj22\deck.h(25): error C2059: syntax error : '<'
     1>d:\nisju\harj22\harj22\deck.h(25): error C2039: 'add' : is not a member of '`global namespace''
     1>d:\nisju\harj22\harj22\deck.h(31): error C2039: 'draw' : is not a member of '`global namespace''
     1>d:\nisju\harj22\harj22\deck.h(32): error C2143: syntax error : missing ';' before '{'
     1>d:\nisju\harj22\harj22\deck.h(32): error C2447: '{' : missing function header (old-style formal list?)
     1>d:\nisju\harj22\harj22\deck.h(43): error C2143: syntax error : missing ';' before '<'
     1>d:\nisju\harj22\harj22\deck.h(43): error C2182: 'Deck' : illegal use of type 'void'
     1>d:\nisju\harj22\harj22\deck.h(43): error C2374: 'Deck' : redefinition; multiple initialization
                 d:\nisju\harj22\harj22\deck.h(25) : see declaration of 'Deck'
     1>d:\nisju\harj22\harj22\deck.h(43): error C2988: unrecognizable template declaration/definition
     1>d:\nisju\harj22\harj22\deck.h(43): error C2059: syntax error : '<'
     1>d:\nisju\harj22\harj22\deck.h(43): error C2039: 'reset' : is not a member of '`global namespace''
     1>d:\nisju\harj22\harj22\deck.h(48): error C2039: 'shuffle' : is not a member of '`global namespace''
     1>d:\nisju\harj22\harj22\deck.h(49): error C2143: syntax error : missing ';' before '{'
     1>d:\nisju\harj22\harj22\deck.h(49): error C2447: '{' : missing function header (old-style formal list?)
     1>d:\nisju\harj22\harj22\main.cpp(12): warning C4244: 'argument' : conversion from 'time_t' to 'unsigned int', possible loss of data
     1>d:\nisju\harj22\harj22\main.cpp(14): error C2146: syntax error : missing ';' before identifier '_deck'
     1>d:\nisju\harj22\harj22\main.cpp(14): error C2065: '_deck' : undeclared identifier
     1>d:\nisju\harj22\harj22\main.cpp(15): error C2065: '_deck' : undeclared identifier
     1>d:\nisju\harj22\harj22\main.cpp(16): error C2065: '_deck' : undeclared identifier
     1>d:\nisju\harj22\harj22\main.cpp(19): error C2065: '_deck' : undeclared identifier
         Generating Code...
     1>Done Building Project "D:\nisju\Harj22\Harj22\Harj22.vcxproj" (Build target(s)) -- FAILED.

Build FAILED.

Time Elapsed 00:00:01.29
